  [1m[35m (157.1ms)[0m  [1m[35mDROP DATABASE IF EXISTS "planduh_development"[0m
  [1m[35m (162.6ms)[0m  [1m[35mDROP DATABASE IF EXISTS "planduh_test"[0m
  [1m[35m (4.3ms)[0m  [1m[35mCREATE TABLE "schema_migrations" ("version" character varying NOT NULL PRIMARY KEY)[0m
  [1m[35m (42.8ms)[0m  [1m[35mCREATE TABLE "ar_internal_metadata" ("key" character varying NOT NULL PRIMARY KEY, "value" character varying, "created_at" timestamp NOT NULL, "updated_at" timestamp NOT NULL)[0m
  [1m[35m (0.2ms)[0m  [1m[34mSELECT pg_try_advisory_lock(5639883873923918010)[0m
  [1m[35m (0.4ms)[0m  [1m[34mSELECT "schema_migrations"."version" FROM "schema_migrations" ORDER BY "schema_migrations"."version" ASC[0m
Migrating to CreateUsers (20171201172504)
  [1m[35m (0.1ms)[0m  [1m[35mBEGIN[0m
  [1m[35m (43.3ms)[0m  [1m[35mCREATE TABLE "users" ("id" bigserial primary key, "first_name" character varying NOT NULL, "last_name" character varying NOT NULL, "email" character varying NOT NULL, "password_digest" character varying, "agreed_to_terms" boolean NOT NULL, "created_at" timestamp NOT NULL, "updated_at" timestamp NOT NULL)[0m
  [1m[35mSQL (0.4ms)[0m  [1m[32mINSERT INTO "schema_migrations" ("version") VALUES ($1) RETURNING "version"[0m  [["version", "20171201172504"]]
  [1m[35m (0.6ms)[0m  [1m[35mCOMMIT[0m
Migrating to CreatePreferences (20171201215824)
  [1m[35m (0.2ms)[0m  [1m[35mBEGIN[0m
  [1m[35m (2.3ms)[0m  [1m[35mCREATE TABLE "preferences" ("id" bigserial primary key, "user_id" bigint, "keywords" text NOT NULL, "events_categories" text NOT NULL, "business_categories" text NOT NULL, "google_places_types" text NOT NULL, "is_necessary?" boolean DEFAULT 'f', "created_at" timestamp NOT NULL, "updated_at" timestamp NOT NULL)[0m
  [1m[35m (1.2ms)[0m  [1m[35mCREATE  INDEX  "index_preferences_on_user_id" ON "preferences"  ("user_id")[0m
  [1m[35mSQL (0.4ms)[0m  [1m[32mINSERT INTO "schema_migrations" ("version") VALUES ($1) RETURNING "version"[0m  [["version", "20171201215824"]]
  [1m[35m (0.6ms)[0m  [1m[35mCOMMIT[0m
Migrating to CreateSurveyQuestions (20171201215844)
  [1m[35m (0.2ms)[0m  [1m[35mBEGIN[0m
  [1m[35m (3.5ms)[0m  [1m[35mCREATE TABLE "survey_questions" ("id" bigserial primary key, "question_text" text, "version" character varying, "created_at" timestamp NOT NULL, "updated_at" timestamp NOT NULL)[0m
  [1m[35mSQL (0.3ms)[0m  [1m[32mINSERT INTO "schema_migrations" ("version") VALUES ($1) RETURNING "version"[0m  [["version", "20171201215844"]]
  [1m[35m (0.6ms)[0m  [1m[35mCOMMIT[0m
Migrating to CreateSurveyResponses (20171201215936)
  [1m[35m (0.7ms)[0m  [1m[35mBEGIN[0m
  [1m[35m (4.2ms)[0m  [1m[35mCREATE TABLE "survey_responses" ("id" bigserial primary key, "survey_question_id" integer, "response" text, "created_at" timestamp NOT NULL, "updated_at" timestamp NOT NULL)[0m
  [1m[35mSQL (0.4ms)[0m  [1m[32mINSERT INTO "schema_migrations" ("version") VALUES ($1) RETURNING "version"[0m  [["version", "20171201215936"]]
  [1m[35m (0.6ms)[0m  [1m[35mCOMMIT[0m
Migrating to CreateUserResponses (20171201215951)
  [1m[35m (0.2ms)[0m  [1m[35mBEGIN[0m
  [1m[35m (2.6ms)[0m  [1m[35mCREATE TABLE "user_responses" ("id" bigserial primary key, "user_id" integer, "survey_question_id" integer, "response" text, "created_at" timestamp NOT NULL, "updated_at" timestamp NOT NULL)[0m
  [1m[35mSQL (0.4ms)[0m  [1m[32mINSERT INTO "schema_migrations" ("version") VALUES ($1) RETURNING "version"[0m  [["version", "20171201215951"]]
  [1m[35m (0.5ms)[0m  [1m[35mCOMMIT[0m
Migrating to CreateItineraries (20171202013729)
  [1m[35m (0.3ms)[0m  [1m[35mBEGIN[0m
  [1m[35m (2.6ms)[0m  [1m[35mCREATE TABLE "itineraries" ("id" bigserial primary key, "name" character varying, "date" date, "begin_time" text, "end_time" text, "budget" integer, "location" character varying, "confirmed?" boolean DEFAULT 'f', "user_id" bigint, "created_at" timestamp NOT NULL, "updated_at" timestamp NOT NULL)[0m
  [1m[35m (1.4ms)[0m  [1m[35mCREATE  INDEX  "index_itineraries_on_user_id" ON "itineraries"  ("user_id")[0m
  [1m[35mSQL (0.3ms)[0m  [1m[32mINSERT INTO "schema_migrations" ("version") VALUES ($1) RETURNING "version"[0m  [["version", "20171202013729"]]
  [1m[35m (0.5ms)[0m  [1m[35mCOMMIT[0m
Migrating to CreateActivities (20171202013738)
  [1m[35m (0.2ms)[0m  [1m[35mBEGIN[0m
  [1m[35m (2.8ms)[0m  [1m[35mCREATE TABLE "activities" ("id" bigserial primary key, "name" character varying, "display_address" character varying, "business_hours" character varying, "time_start" character varying, "event_site_url" character varying, "tickets_url" character varying, "cost" integer, "cost_max" integer, "is_free" boolean, "is_canceled" boolean, "image_url" character varying, "rating" character varying, "price" character varying, "display_phone" character varying, "title" character varying, "url" character varying, "latitude" decimal, "longitude" decimal, "version" character varying, "itinerary_id" bigint, "created_at" timestamp NOT NULL, "updated_at" timestamp NOT NULL)[0m
  [1m[35m (0.8ms)[0m  [1m[35mCREATE  INDEX  "index_activities_on_itinerary_id" ON "activities"  ("itinerary_id")[0m
  [1m[35mSQL (0.3ms)[0m  [1m[32mINSERT INTO "schema_migrations" ("version") VALUES ($1) RETURNING "version"[0m  [["version", "20171202013738"]]
  [1m[35m (0.6ms)[0m  [1m[35mCOMMIT[0m
Migrating to CreateYelpResponses (20171202152854)
  [1m[35m (0.2ms)[0m  [1m[35mBEGIN[0m
  [1m[35m (2.7ms)[0m  [1m[35mCREATE TABLE "yelp_responses" ("id" bigserial primary key, "name" character varying, "display_address" character varying, "time_start" character varying, "event_site_url" character varying, "tickets_url" character varying, "cost" integer, "cost_max" integer, "is_free" boolean, "is_canceled" boolean, "image_url" character varying, "rating" character varying, "price" character varying, "display_phone" character varying, "title" character varying, "url" character varying, "latitude" decimal, "longitude" decimal, "created_at" timestamp NOT NULL, "updated_at" timestamp NOT NULL)[0m
  [1m[35mSQL (0.2ms)[0m  [1m[32mINSERT INTO "schema_migrations" ("version") VALUES ($1) RETURNING "version"[0m  [["version", "20171202152854"]]
  [1m[35m (0.7ms)[0m  [1m[35mCOMMIT[0m
Migrating to CreateRecommenders (20171203001021)
  [1m[35m (0.2ms)[0m  [1m[35mBEGIN[0m
  [1m[35m (2.7ms)[0m  [1m[35mCREATE TABLE "recommenders" ("id" bigserial primary key, "event_matrix" text, "business_matrix" text, "created_at" timestamp NOT NULL, "updated_at" timestamp NOT NULL)[0m
  [1m[35mSQL (0.2ms)[0m  [1m[32mINSERT INTO "schema_migrations" ("version") VALUES ($1) RETURNING "version"[0m  [["version", "20171203001021"]]
  [1m[35m (0.6ms)[0m  [1m[35mCOMMIT[0m
Migrating to AddAgreedToUsers (20171206004821)
  [1m[35m (0.2ms)[0m  [1m[35mBEGIN[0m
  [1m[35m (0.3ms)[0m  [1m[35mALTER TABLE "users" ADD "agreed" boolean[0m
  [1m[35mSQL (0.2ms)[0m  [1m[32mINSERT INTO "schema_migrations" ("version") VALUES ($1) RETURNING "version"[0m  [["version", "20171206004821"]]
  [1m[35m (0.3ms)[0m  [1m[35mCOMMIT[0m
  [1m[36mActiveRecord::InternalMetadata Load (0.3ms)[0m  [1m[34mSELECT  "ar_internal_metadata".* FROM "ar_internal_metadata" WHERE "ar_internal_metadata"."key" = $1 LIMIT $2[0m  [["key", "environment"], ["LIMIT", 1]]
  [1m[35m (0.1ms)[0m  [1m[35mBEGIN[0m
  [1m[35mSQL (0.3ms)[0m  [1m[32mINSERT INTO "ar_internal_metadata" ("key", "value", "created_at", "updated_at") VALUES ($1, $2, $3, $4) RETURNING "key"[0m  [["key", "environment"], ["value", "development"], ["created_at", "2017-12-06 01:11:53.004877"], ["updated_at", "2017-12-06 01:11:53.004877"]]
  [1m[35m (0.4ms)[0m  [1m[35mCOMMIT[0m
  [1m[35m (0.2ms)[0m  [1m[34mSELECT pg_advisory_unlock(5639883873923918010)[0m
  [1m[35m (0.2ms)[0m  [1m[34mSELECT "schema_migrations"."version" FROM "schema_migrations" ORDER BY "schema_migrations"."version" ASC[0m
  [1m[35m (0.6ms)[0m  [1m[34mSELECT "schema_migrations"."version" FROM "schema_migrations" ORDER BY "schema_migrations"."version" ASC[0m
  [1m[35m (0.2ms)[0m  [1m[35mBEGIN[0m
  [1m[35mSQL (0.5ms)[0m  [1m[32mINSERT INTO "survey_questions" ("question_text", "version", "created_at", "updated_at") VALUES ($1, $2, $3, $4) RETURNING "id"[0m  [["question_text", "Do you have any dietary restrictions?"], ["version", "Open-ended"], ["created_at", "2017-12-06 01:11:58.493157"], ["updated_at", "2017-12-06 01:11:58.493157"]]
  [1m[35m (0.4ms)[0m  [1m[35mCOMMIT[0m
  [1m[35m (0.1ms)[0m  [1m[35mBEGIN[0m
  [1m[35mSQL (0.2ms)[0m  [1m[32mINSERT INTO "survey_questions" ("question_text", "version", "created_at", "updated_at") VALUES ($1, $2, $3, $4) RETURNING "id"[0m  [["question_text", "Do you like physical activity?"], ["version", "Yes/No"], ["created_at", "2017-12-06 01:11:58.495860"], ["updated_at", "2017-12-06 01:11:58.495860"]]
  [1m[35m (0.4ms)[0m  [1m[35mCOMMIT[0m
  [1m[35m (0.1ms)[0m  [1m[35mBEGIN[0m
  [1m[35mSQL (0.2ms)[0m  [1m[32mINSERT INTO "survey_questions" ("question_text", "version", "created_at", "updated_at") VALUES ($1, $2, $3, $4) RETURNING "id"[0m  [["question_text", "Do you like to drink?"], ["version", "Yes/No"], ["created_at", "2017-12-06 01:11:58.497701"], ["updated_at", "2017-12-06 01:11:58.497701"]]
  [1m[35m (0.4ms)[0m  [1m[35mCOMMIT[0m
  [1m[35m (0.1ms)[0m  [1m[35mBEGIN[0m
  [1m[35mSQL (0.2ms)[0m  [1m[32mINSERT INTO "survey_questions" ("question_text", "version", "created_at", "updated_at") VALUES ($1, $2, $3, $4) RETURNING "id"[0m  [["question_text", "How do you feel about being outdoors?"], ["version", "Multiple Choice"], ["created_at", "2017-12-06 01:11:58.499608"], ["updated_at", "2017-12-06 01:11:58.499608"]]
  [1m[35m (0.3ms)[0m  [1m[35mCOMMIT[0m
  [1m[35m (0.1ms)[0m  [1m[35mBEGIN[0m
  [1m[35mSQL (0.2ms)[0m  [1m[32mINSERT INTO "survey_questions" ("question_text", "version", "created_at", "updated_at") VALUES ($1, $2, $3, $4) RETURNING "id"[0m  [["question_text", "\nWould you visit Paris, the YellowStone, or Las Vegas if given a free trip weekend trip?"], ["version", "Multiple Choice"], ["created_at", "2017-12-06 01:11:58.501255"], ["updated_at", "2017-12-06 01:11:58.501255"]]
  [1m[35m (0.6ms)[0m  [1m[35mCOMMIT[0m
  [1m[35m (0.1ms)[0m  [1m[35mBEGIN[0m
  [1m[35mSQL (0.2ms)[0m  [1m[32mINSERT INTO "survey_questions" ("question_text", "version", "created_at", "updated_at") VALUES ($1, $2, $3, $4) RETURNING "id"[0m  [["question_text", "If you had a free day off of work, which one of these activities would appeal the most to you?"], ["version", "Multiple Choice"], ["created_at", "2017-12-06 01:11:58.503113"], ["updated_at", "2017-12-06 01:11:58.503113"]]
  [1m[35m (0.3ms)[0m  [1m[35mCOMMIT[0m
  [1m[35m (0.1ms)[0m  [1m[35mBEGIN[0m
  [1m[35mSQL (0.2ms)[0m  [1m[32mINSERT INTO "survey_questions" ("question_text", "version", "created_at", "updated_at") VALUES ($1, $2, $3, $4) RETURNING "id"[0m  [["question_text", "What is your favorite type of music?"], ["version", "Multiple Choice"], ["created_at", "2017-12-06 01:11:58.504760"], ["updated_at", "2017-12-06 01:11:58.504760"]]
  [1m[35m (0.3ms)[0m  [1m[35mCOMMIT[0m
  [1m[35m (0.1ms)[0m  [1m[35mBEGIN[0m
  [1m[35mSQL (0.4ms)[0m  [1m[32mINSERT INTO "survey_responses" ("survey_question_id", "response", "created_at", "updated_at") VALUES ($1, $2, $3, $4) RETURNING "id"[0m  [["survey_question_id", 2], ["response", "Yes, I'm very active!"], ["created_at", "2017-12-06 01:11:58.521799"], ["updated_at", "2017-12-06 01:11:58.521799"]]
  [1m[35m (0.4ms)[0m  [1m[35mCOMMIT[0m
  [1m[35m (0.1ms)[0m  [1m[35mBEGIN[0m
  [1m[35mSQL (0.2ms)[0m  [1m[32mINSERT INTO "survey_responses" ("survey_question_id", "response", "created_at", "updated_at") VALUES ($1, $2, $3, $4) RETURNING "id"[0m  [["survey_question_id", 2], ["response", "No...I don't prefer physical activity for my events"], ["created_at", "2017-12-06 01:11:58.524299"], ["updated_at", "2017-12-06 01:11:58.524299"]]
  [1m[35m (0.4ms)[0m  [1m[35mCOMMIT[0m
  [1m[35m (0.1ms)[0m  [1m[35mBEGIN[0m
  [1m[35mSQL (0.2ms)[0m  [1m[32mINSERT INTO "survey_responses" ("survey_question_id", "response", "created_at", "updated_at") VALUES ($1, $2, $3, $4) RETURNING "id"[0m  [["survey_question_id", 3], ["response", "Yes, pour me a cold one"], ["created_at", "2017-12-06 01:11:58.526310"], ["updated_at", "2017-12-06 01:11:58.526310"]]
  [1m[35m (0.3ms)[0m  [1m[35mCOMMIT[0m
  [1m[35m (0.1ms)[0m  [1m[35mBEGIN[0m
  [1m[35mSQL (0.2ms)[0m  [1m[32mINSERT INTO "survey_responses" ("survey_question_id", "response", "created_at", "updated_at") VALUES ($1, $2, $3, $4) RETURNING "id"[0m  [["survey_question_id", 3], ["response", "No, not much of a drinker these days"], ["created_at", "2017-12-06 01:11:58.528257"], ["updated_at", "2017-12-06 01:11:58.528257"]]
  [1m[35m (0.3ms)[0m  [1m[35mCOMMIT[0m
  [1m[35m (0.1ms)[0m  [1m[35mBEGIN[0m
  [1m[35mSQL (0.2ms)[0m  [1m[32mINSERT INTO "survey_responses" ("survey_question_id", "response", "created_at", "updated_at") VALUES ($1, $2, $3, $4) RETURNING "id"[0m  [["survey_question_id", 4], ["response", "Love it"], ["created_at", "2017-12-06 01:11:58.530115"], ["updated_at", "2017-12-06 01:11:58.530115"]]
  [1m[35m (0.3ms)[0m  [1m[35mCOMMIT[0m
  [1m[35m (0.1ms)[0m  [1m[35mBEGIN[0m
  [1m[35mSQL (0.2ms)[0m  [1m[32mINSERT INTO "survey_responses" ("survey_question_id", "response", "created_at", "updated_at") VALUES ($1, $2, $3, $4) RETURNING "id"[0m  [["survey_question_id", 4], ["response", "ehhh, only if it is nice out"], ["created_at", "2017-12-06 01:11:58.531904"], ["updated_at", "2017-12-06 01:11:58.531904"]]
  [1m[35m (0.3ms)[0m  [1m[35mCOMMIT[0m
  [1m[35m (0.1ms)[0m  [1m[35mBEGIN[0m
  [1m[35mSQL (0.2ms)[0m  [1m[32mINSERT INTO "survey_responses" ("survey_question_id", "response", "created_at", "updated_at") VALUES ($1, $2, $3, $4) RETURNING "id"[0m  [["survey_question_id", 4], ["response", "I prefer to be inside whenever possible"], ["created_at", "2017-12-06 01:11:58.533721"], ["updated_at", "2017-12-06 01:11:58.533721"]]
  [1m[35m (0.3ms)[0m  [1m[35mCOMMIT[0m
  [1m[35m (0.1ms)[0m  [1m[35mBEGIN[0m
  [1m[35mSQL (0.2ms)[0m  [1m[32mINSERT INTO "survey_responses" ("survey_question_id", "response", "created_at", "updated_at") VALUES ($1, $2, $3, $4) RETURNING "id"[0m  [["survey_question_id", 6], ["response", "Go day drinking at a bar"], ["created_at", "2017-12-06 01:11:58.535581"], ["updated_at", "2017-12-06 01:11:58.535581"]]
  [1m[35m (0.3ms)[0m  [1m[35mCOMMIT[0m
  [1m[35m (0.2ms)[0m  [1m[35mBEGIN[0m
  [1m[35mSQL (0.2ms)[0m  [1m[32mINSERT INTO "survey_responses" ("survey_question_id", "response", "created_at", "updated_at") VALUES ($1, $2, $3, $4) RETURNING "id"[0m  [["survey_question_id", 6], ["response", "Visit a museum "], ["created_at", "2017-12-06 01:11:58.537390"], ["updated_at", "2017-12-06 01:11:58.537390"]]
  [1m[35m (0.4ms)[0m  [1m[35mCOMMIT[0m
  [1m[35m (0.1ms)[0m  [1m[35mBEGIN[0m
  [1m[35mSQL (0.2ms)[0m  [1m[32mINSERT INTO "survey_responses" ("survey_question_id", "response", "created_at", "updated_at") VALUES ($1, $2, $3, $4) RETURNING "id"[0m  [["survey_question_id", 6], ["response", "Ride bike or go for a run "], ["created_at", "2017-12-06 01:11:58.539305"], ["updated_at", "2017-12-06 01:11:58.539305"]]
  [1m[35m (0.3ms)[0m  [1m[35mCOMMIT[0m
  [1m[35m (0.1ms)[0m  [1m[35mBEGIN[0m
  [1m[35mSQL (0.2ms)[0m  [1m[32mINSERT INTO "survey_responses" ("survey_question_id", "response", "created_at", "updated_at") VALUES ($1, $2, $3, $4) RETURNING "id"[0m  [["survey_question_id", 6], ["response", "Play board games or work on a puzzle"], ["created_at", "2017-12-06 01:11:58.541233"], ["updated_at", "2017-12-06 01:11:58.541233"]]
  [1m[35m (0.4ms)[0m  [1m[35mCOMMIT[0m
  [1m[35m (0.1ms)[0m  [1m[35mBEGIN[0m
  [1m[35mSQL (0.2ms)[0m  [1m[32mINSERT INTO "survey_responses" ("survey_question_id", "response", "created_at", "updated_at") VALUES ($1, $2, $3, $4) RETURNING "id"[0m  [["survey_question_id", 5], ["response", "Paris"], ["created_at", "2017-12-06 01:11:58.543090"], ["updated_at", "2017-12-06 01:11:58.543090"]]
  [1m[35m (0.4ms)[0m  [1m[35mCOMMIT[0m
  [1m[35m (0.1ms)[0m  [1m[35mBEGIN[0m
  [1m[35mSQL (0.2ms)[0m  [1m[32mINSERT INTO "survey_responses" ("survey_question_id", "response", "created_at", "updated_at") VALUES ($1, $2, $3, $4) RETURNING "id"[0m  [["survey_question_id", 5], ["response", "YellowStone"], ["created_at", "2017-12-06 01:11:58.544887"], ["updated_at", "2017-12-06 01:11:58.544887"]]
  [1m[35m (0.4ms)[0m  [1m[35mCOMMIT[0m
  [1m[35m (0.1ms)[0m  [1m[35mBEGIN[0m
  [1m[35mSQL (0.2ms)[0m  [1m[32mINSERT INTO "survey_responses" ("survey_question_id", "response", "created_at", "updated_at") VALUES ($1, $2, $3, $4) RETURNING "id"[0m  [["survey_question_id", 5], ["response", "Las Vegas"], ["created_at", "2017-12-06 01:11:58.546656"], ["updated_at", "2017-12-06 01:11:58.546656"]]
  [1m[35m (0.3ms)[0m  [1m[35mCOMMIT[0m
  [1m[35m (0.1ms)[0m  [1m[35mBEGIN[0m
  [1m[35mSQL (0.2ms)[0m  [1m[32mINSERT INTO "survey_responses" ("survey_question_id", "response", "created_at", "updated_at") VALUES ($1, $2, $3, $4) RETURNING "id"[0m  [["survey_question_id", 7], ["response", "Classic Rock"], ["created_at", "2017-12-06 01:11:58.548452"], ["updated_at", "2017-12-06 01:11:58.548452"]]
  [1m[35m (0.3ms)[0m  [1m[35mCOMMIT[0m
  [1m[35m (0.1ms)[0m  [1m[35mBEGIN[0m
  [1m[35mSQL (0.2ms)[0m  [1m[32mINSERT INTO "survey_responses" ("survey_question_id", "response", "created_at", "updated_at") VALUES ($1, $2, $3, $4) RETURNING "id"[0m  [["survey_question_id", 7], ["response", "Indie"], ["created_at", "2017-12-06 01:11:58.550101"], ["updated_at", "2017-12-06 01:11:58.550101"]]
  [1m[35m (0.4ms)[0m  [1m[35mCOMMIT[0m
  [1m[35m (0.1ms)[0m  [1m[35mBEGIN[0m
  [1m[35mSQL (0.2ms)[0m  [1m[32mINSERT INTO "survey_responses" ("survey_question_id", "response", "created_at", "updated_at") VALUES ($1, $2, $3, $4) RETURNING "id"[0m  [["survey_question_id", 7], ["response", "Electronic"], ["created_at", "2017-12-06 01:11:58.551854"], ["updated_at", "2017-12-06 01:11:58.551854"]]
  [1m[35m (0.3ms)[0m  [1m[35mCOMMIT[0m
  [1m[35m (0.1ms)[0m  [1m[35mBEGIN[0m
  [1m[35mSQL (0.2ms)[0m  [1m[32mINSERT INTO "survey_responses" ("survey_question_id", "response", "created_at", "updated_at") VALUES ($1, $2, $3, $4) RETURNING "id"[0m  [["survey_question_id", 7], ["response", "Hip Hop"], ["created_at", "2017-12-06 01:11:58.553630"], ["updated_at", "2017-12-06 01:11:58.553630"]]
  [1m[35m (0.3ms)[0m  [1m[35mCOMMIT[0m
  [1m[35m (0.1ms)[0m  [1m[35mBEGIN[0m
  [1m[35mSQL (0.2ms)[0m  [1m[32mINSERT INTO "survey_responses" ("survey_question_id", "response", "created_at", "updated_at") VALUES ($1, $2, $3, $4) RETURNING "id"[0m  [["survey_question_id", 7], ["response", "I'm down for anything!"], ["created_at", "2017-12-06 01:11:58.555328"], ["updated_at", "2017-12-06 01:11:58.555328"]]
  [1m[35m (0.3ms)[0m  [1m[35mCOMMIT[0m
  [1m[35m (0.1ms)[0m  [1m[35mBEGIN[0m
  [1m[35mSQL (0.2ms)[0m  [1m[32mINSERT INTO "survey_responses" ("survey_question_id", "response", "created_at", "updated_at") VALUES ($1, $2, $3, $4) RETURNING "id"[0m  [["survey_question_id", 7], ["response", "N/A"], ["created_at", "2017-12-06 01:11:58.557094"], ["updated_at", "2017-12-06 01:11:58.557094"]]
  [1m[35m (0.5ms)[0m  [1m[35mCOMMIT[0m
  [1m[35m (0.1ms)[0m  [1m[35mBEGIN[0m
  [1m[35mSQL (0.2ms)[0m  [1m[32mINSERT INTO "survey_responses" ("survey_question_id", "created_at", "updated_at") VALUES ($1, $2, $3) RETURNING "id"[0m  [["survey_question_id", 1], ["created_at", "2017-12-06 01:11:58.558949"], ["updated_at", "2017-12-06 01:11:58.558949"]]
  [1m[35m (0.4ms)[0m  [1m[35mCOMMIT[0m
  [1m[35m (0.1ms)[0m  [1m[35mBEGIN[0m
  [1m[35mSQL (0.6ms)[0m  [1m[32mINSERT INTO "recommenders" ("event_matrix", "business_matrix", "created_at", "updated_at") VALUES ($1, $2, $3, $4) RETURNING "id"[0m  [["event_matrix", "---\n:hours:\n  1:\n  - food-and-drink\n  - nightlife\n  2:\n  - food-and-drink\n  - nightlife\n  3:\n  - food-and-drink\n  - nightlife\n  4:\n  - food-and-drink\n  - nightlife\n  5:\n  - food-and-drink\n  - nightlife\n  6:\n  - food-and-drink\n  - sports-active-life\n  7:\n  - food-and-drink\n  - sports-active-life\n  8:\n  - food-and-drink\n  - sports-active-life\n  9:\n  - food-and-drink\n  - visual-arts\n  - performing-arts\n  - lectures-books\n  - fashion\n  - sports-active-life\n  - festivals-fairs\n  10:\n  - visual-arts\n  - performing-arts\n  - lectures-books\n  - fashion\n  - sports-active-life\n  - festivals-fairs\n  11:\n  - food-and-drink\n  - music\n  - visual-arts\n  - performing-arts\n  - lectures-books\n  - fashion\n  - sports-active-life\n  - festivals-fairs\n  12:\n  - food-and-drink\n  - sports-active-life\n  - festivals-fairs\n  13:\n  - food-and-drink\n  - sports-active-life\n  - festivals-fairs\n  14:\n  - music\n  - visual-arts\n  - performing-arts\n  - lectures-books\n  - fashion\n  - sports-active-life\n  - festivals-fairs\n  15:\n  - film\n  - visual-arts\n  - performing-arts\n  - lectures-books\n  - fashion\n  - sports-active-life\n  - festivals-fairs\n  16:\n  - film\n  - visual-arts\n  - performing-arts\n  - lectures-books\n  - fashion\n  - sports-active-life\n  - festivals-fairs\n  17:\n  - film\n  - visual-arts\n  - performing-arts\n  - lectures-books\n  - fashion\n  18:\n  - music\n  - film\n  - food-and-drink\n  19:\n  - music\n  - film\n  - food-and-drink\n  20:\n  - music\n  - film\n  - food-and-drink\n  - nightlife\n  21:\n  - music\n  - film\n  - nightlife\n  22:\n  - music\n  - film\n  - nightlife\n  23:\n  - music\n  - film\n  - nightlife\n  24:\n  - music\n  - film\n  - nightlife\n"], ["business_matrix", "---\n:hours:\n  1:\n  - nightlife\n  2:\n  - nightlife\n  3:\n  - nightlife\n  4:\n  - nightlife\n  5:\n  - active\n  - nightlife\n  6:\n  - active\n  7:\n  - active\n  - restaurants\n  - massage_therapy\n  8:\n  - active\n  - restaurants\n  9:\n  - active\n  - arts\n  - beautysvc\n  - localflavor\n  10:\n  - active\n  - arts\n  - beautysvc\n  - localflavor\n  - shopping\n  11:\n  - active\n  - arts\n  - beautysvc\n  - localflavor\n  - shopping\n  12:\n  - restaurants\n  - localflavor\n  13:\n  - restaurants\n  - active\n  - arts\n  - beautysvc\n  - localflavor\n  - shopping\n  14:\n  - active\n  - arts\n  - beautysvc\n  - localflavor\n  - shopping\n  15:\n  - active\n  - arts\n  - beautysvc\n  - localflavor\n  - shopping\n  16:\n  - active\n  - arts\n  - beautysvc\n  - localflavor\n  - shopping\n  17:\n  - arts\n  - beautysvc\n  - localflavor\n  - shopping\n  18:\n  - arts\n  - beautysvc\n  - localflavor\n  - shopping\n  19:\n  - arts\n  - beautysvc\n  - restaurants\n  - localflavor\n  20:\n  - restaurants\n  - localflavor\n  - nightlife\n  21:\n  - restaurants\n  - localflavor\n  - nightlife\n  22:\n  - localflavor\n  - nightlife\n  23:\n  - nightlife\n  24:\n  - nightlife\n"], ["created_at", "2017-12-06 01:11:58.572108"], ["updated_at", "2017-12-06 01:11:58.572108"]]
  [1m[35m (0.5ms)[0m  [1m[35mCOMMIT[0m
Started GET "/" for 127.0.0.1 at 2017-12-05 19:12:11 -0600
  [1m[35m (0.5ms)[0m  [1m[34mSELECT "schema_migrations"."version" FROM "schema_migrations" ORDER BY "schema_migrations"."version" ASC[0m
Processing by ItinerariesController#new as HTML
Redirected to http://localhost:3000/users/new
Completed 302 Found in 7ms (ActiveRecord: 0.0ms)


Started GET "/users/new" for 127.0.0.1 at 2017-12-05 19:12:11 -0600
Processing by UsersController#new as HTML
  Rendering users/new.html.erb within layouts/application
  Rendered users/new.html.erb within layouts/application (14.6ms)
Completed 200 OK in 10345ms (Views: 10313.9ms | ActiveRecord: 5.1ms)


Started POST "/users" for 127.0.0.1 at 2017-12-05 19:12:25 -0600
Processing by UsersController#create as HTML
  Parameters: {"utf8"=>"✓", "authenticity_token"=>"pFj6+2hFjVi95yNusBZ0y3FaGlBPrdud4nzdGRUtcDjidNOArfQRf96s8aADaaD7y3mvtXQD8Yx9bvU2zyzKcA==", "user"=>{"first_name"=>"", "last_name"=>"", "email"=>"adam@adam.com", "password"=>"[FILTERED]"}, "commit"=>"Sign up!"}
  [1m[35m (0.1ms)[0m  [1m[35mBEGIN[0m
  [1m[36mUser Exists (0.6ms)[0m  [1m[34mSELECT  1 AS one FROM "users" WHERE "users"."email" = $1 LIMIT $2[0m  [["email", "adam@adam.com"], ["LIMIT", 1]]
  [1m[35m (0.2ms)[0m  [1m[31mROLLBACK[0m
  Rendering users/new.html.erb within layouts/application
  Rendered users/new.html.erb within layouts/application (2.4ms)
Completed 200 OK in 645ms (Views: 68.5ms | ActiveRecord: 0.9ms)


Started POST "/users" for 127.0.0.1 at 2017-12-05 19:12:34 -0600
Processing by UsersController#create as HTML
  Parameters: {"utf8"=>"✓", "authenticity_token"=>"pQPwdjwJx4o3G/gQTqpREQV/Pfes1s/qNEE+9L0gE+3jL9kN+bhbrVRQKt791YUhv1yIEpd45furUxbbZyGppQ==", "user"=>{"first_name"=>"adam", "last_name"=>"johnson", "email"=>"adam@adam.com", "password"=>"[FILTERED]", "agreed"=>"true"}, "commit"=>"Sign up!"}
Unpermitted parameter: :agreed
  [1m[35m (0.1ms)[0m  [1m[35mBEGIN[0m
  [1m[36mUser Exists (0.5ms)[0m  [1m[34mSELECT  1 AS one FROM "users" WHERE "users"."email" = $1 LIMIT $2[0m  [["email", "adam@adam.com"], ["LIMIT", 1]]
  [1m[35m (0.1ms)[0m  [1m[31mROLLBACK[0m
  Rendering users/new.html.erb within layouts/application
  Rendered users/new.html.erb within layouts/application (2.0ms)
Completed 200 OK in 153ms (Views: 75.8ms | ActiveRecord: 0.7ms)


Started POST "/users" for 127.0.0.1 at 2017-12-05 19:12:42 -0600
Processing by UsersController#create as HTML
  Parameters: {"utf8"=>"✓", "authenticity_token"=>"y+XJKmMDOfnPY5s7sqGBGHsT5kly3TypU47Y9n9W7nCNyeBRprKl3qwoSfUB3lUowTBTrElzFrjMnPDZpVdUOA==", "user"=>{"first_name"=>"adam", "last_name"=>"johnson", "email"=>"adam@adam.com", "password"=>"[FILTERED]", "agreed"=>"true"}, "commit"=>"Sign up!"}
Unpermitted parameter: :agreed
  [1m[35m (0.1ms)[0m  [1m[35mBEGIN[0m
  [1m[36mUser Exists (0.3ms)[0m  [1m[34mSELECT  1 AS one FROM "users" WHERE "users"."email" = $1 LIMIT $2[0m  [["email", "adam@adam.com"], ["LIMIT", 1]]
  [1m[35m (0.2ms)[0m  [1m[31mROLLBACK[0m
  Rendering users/new.html.erb within layouts/application
  Rendered users/new.html.erb within layouts/application (1.6ms)
Completed 200 OK in 143ms (Views: 66.0ms | ActiveRecord: 0.6ms)


Started POST "/users" for 127.0.0.1 at 2017-12-05 19:13:00 -0600
Processing by UsersController#create as HTML
  Parameters: {"utf8"=>"✓", "authenticity_token"=>"Q3Bl7lSH4afw7O07GOkDp6ih/JWiMPOQl1veN6NtF/QFXEyVkTZ9gJOnP/WrlteXEoJJcJme2YEISfYYeWytvA==", "user"=>{"first_name"=>"adam", "last_name"=>"johnson", "email"=>"adam@adam.com", "password"=>"[FILTERED]"}, "commit"=>"Sign up!"}
  [1m[35m (0.1ms)[0m  [1m[35mBEGIN[0m
  [1m[36mUser Exists (0.2ms)[0m  [1m[34mSELECT  1 AS one FROM "users" WHERE "users"."email" = $1 LIMIT $2[0m  [["email", "adam@adam.com"], ["LIMIT", 1]]
  [1m[35m (0.2ms)[0m  [1m[31mROLLBACK[0m
  Rendering users/new.html.erb within layouts/application
  Rendered users/new.html.erb within layouts/application (1.6ms)
Completed 200 OK in 146ms (Views: 69.4ms | ActiveRecord: 0.5ms)


Started POST "/users" for 127.0.0.1 at 2017-12-05 19:13:02 -0600
Processing by UsersController#create as HTML
  Parameters: {"utf8"=>"✓", "authenticity_token"=>"3Y492DBMFWh7dk6TtPu8nC5nlJD001VDPpf9buag1+qbohSj9f2JTxg9nF0HhGislEQhdc99f1KhhdVBPKFtog==", "user"=>{"first_name"=>"adam", "last_name"=>"johnson", "email"=>"adam@adam.com", "password"=>"[FILTERED]", "agreed"=>"true"}, "commit"=>"Sign up!"}
Unpermitted parameter: :agreed
  [1m[35m (0.1ms)[0m  [1m[35mBEGIN[0m
  [1m[36mUser Exists (1.5ms)[0m  [1m[34mSELECT  1 AS one FROM "users" WHERE "users"."email" = $1 LIMIT $2[0m  [["email", "adam@adam.com"], ["LIMIT", 1]]
  [1m[35m (0.2ms)[0m  [1m[31mROLLBACK[0m
  Rendering users/new.html.erb within layouts/application
  Rendered users/new.html.erb within layouts/application (1.8ms)
Completed 200 OK in 164ms (Views: 87.7ms | ActiveRecord: 1.9ms)


  [1m[35m (0.5ms)[0m  [1m[34mSELECT "schema_migrations"."version" FROM "schema_migrations" ORDER BY "schema_migrations"."version" ASC[0m
  [1m[35m (0.3ms)[0m  [1m[34mSELECT "ar_internal_metadata"."value" FROM "ar_internal_metadata" WHERE "ar_internal_metadata"."key" = $1[0m  [["key", "environment"]]
  [1m[35m (0.2ms)[0m  [1m[34mSELECT "schema_migrations"."version" FROM "schema_migrations" ORDER BY "schema_migrations"."version" ASC[0m
  [1m[35m (0.2ms)[0m  [1m[34mSELECT "ar_internal_metadata"."value" FROM "ar_internal_metadata" WHERE "ar_internal_metadata"."key" = $1[0m  [["key", "environment"]]
  [1m[35m (0.2ms)[0m  [1m[34mSELECT "schema_migrations"."version" FROM "schema_migrations" ORDER BY "schema_migrations"."version" ASC[0m
  [1m[35m (0.1ms)[0m  [1m[34mSELECT "ar_internal_metadata"."value" FROM "ar_internal_metadata" WHERE "ar_internal_metadata"."key" = $1[0m  [["key", "environment"]]
  [1m[35m (122.3ms)[0m  [1m[35mDROP DATABASE IF EXISTS "planduh_development"[0m
  [1m[35m (150.8ms)[0m  [1m[35mDROP DATABASE IF EXISTS "planduh_test"[0m
  [1m[35m (8.9ms)[0m  [1m[35mCREATE TABLE "schema_migrations" ("version" character varying NOT NULL PRIMARY KEY)[0m
  [1m[35m (2.4ms)[0m  [1m[35mCREATE TABLE "ar_internal_metadata" ("key" character varying NOT NULL PRIMARY KEY, "value" character varying, "created_at" timestamp NOT NULL, "updated_at" timestamp NOT NULL)[0m
  [1m[35m (0.2ms)[0m  [1m[34mSELECT pg_try_advisory_lock(5639883873923918010)[0m
  [1m[35m (0.5ms)[0m  [1m[34mSELECT "schema_migrations"."version" FROM "schema_migrations" ORDER BY "schema_migrations"."version" ASC[0m
Migrating to CreateUsers (20171201172504)
  [1m[35m (0.1ms)[0m  [1m[35mBEGIN[0m
  [1m[35m (3.1ms)[0m  [1m[35mCREATE TABLE "users" ("id" bigserial primary key, "first_name" character varying NOT NULL, "last_name" character varying NOT NULL, "email" character varying NOT NULL, "password_digest" character varying, "created_at" timestamp NOT NULL, "updated_at" timestamp NOT NULL)[0m
  [1m[35mSQL (0.4ms)[0m  [1m[32mINSERT INTO "schema_migrations" ("version") VALUES ($1) RETURNING "version"[0m  [["version", "20171201172504"]]
  [1m[35m (0.6ms)[0m  [1m[35mCOMMIT[0m
Migrating to CreatePreferences (20171201215824)
  [1m[35m (0.2ms)[0m  [1m[35mBEGIN[0m
  [1m[35m (2.4ms)[0m  [1m[35mCREATE TABLE "preferences" ("id" bigserial primary key, "user_id" bigint, "keywords" text NOT NULL, "events_categories" text NOT NULL, "business_categories" text NOT NULL, "google_places_types" text NOT NULL, "is_necessary?" boolean DEFAULT 'f', "created_at" timestamp NOT NULL, "updated_at" timestamp NOT NULL)[0m
  [1m[35m (1.5ms)[0m  [1m[35mCREATE  INDEX  "index_preferences_on_user_id" ON "preferences"  ("user_id")[0m
  [1m[35mSQL (0.2ms)[0m  [1m[32mINSERT INTO "schema_migrations" ("version") VALUES ($1) RETURNING "version"[0m  [["version", "20171201215824"]]
  [1m[35m (0.7ms)[0m  [1m[35mCOMMIT[0m
Migrating to CreateSurveyQuestions (20171201215844)
  [1m[35m (0.2ms)[0m  [1m[35mBEGIN[0m
  [1m[35m (3.0ms)[0m  [1m[35mCREATE TABLE "survey_questions" ("id" bigserial primary key, "question_text" text, "version" character varying, "created_at" timestamp NOT NULL, "updated_at" timestamp NOT NULL)[0m
  [1m[35mSQL (0.5ms)[0m  [1m[32mINSERT INTO "schema_migrations" ("version") VALUES ($1) RETURNING "version"[0m  [["version", "20171201215844"]]
  [1m[35m (0.5ms)[0m  [1m[35mCOMMIT[0m
Migrating to CreateSurveyResponses (20171201215936)
  [1m[35m (0.3ms)[0m  [1m[35mBEGIN[0m
  [1m[35m (3.7ms)[0m  [1m[35mCREATE TABLE "survey_responses" ("id" bigserial primary key, "survey_question_id" integer, "response" text, "created_at" timestamp NOT NULL, "updated_at" timestamp NOT NULL)[0m
  [1m[35mSQL (0.2ms)[0m  [1m[32mINSERT INTO "schema_migrations" ("version") VALUES ($1) RETURNING "version"[0m  [["version", "20171201215936"]]
  [1m[35m (0.6ms)[0m  [1m[35mCOMMIT[0m
Migrating to CreateUserResponses (20171201215951)
  [1m[35m (0.2ms)[0m  [1m[35mBEGIN[0m
  [1m[35m (3.1ms)[0m  [1m[35mCREATE TABLE "user_responses" ("id" bigserial primary key, "user_id" integer, "survey_question_id" integer, "response" text, "created_at" timestamp NOT NULL, "updated_at" timestamp NOT NULL)[0m
  [1m[35mSQL (0.2ms)[0m  [1m[32mINSERT INTO "schema_migrations" ("version") VALUES ($1) RETURNING "version"[0m  [["version", "20171201215951"]]
  [1m[35m (0.6ms)[0m  [1m[35mCOMMIT[0m
Migrating to CreateItineraries (20171202013729)
  [1m[35m (0.3ms)[0m  [1m[35mBEGIN[0m
  [1m[35m (4.8ms)[0m  [1m[35mCREATE TABLE "itineraries" ("id" bigserial primary key, "name" character varying, "date" date, "begin_time" text, "end_time" text, "budget" integer, "location" character varying, "confirmed?" boolean DEFAULT 'f', "user_id" bigint, "created_at" timestamp NOT NULL, "updated_at" timestamp NOT NULL)[0m
  [1m[35m (1.1ms)[0m  [1m[35mCREATE  INDEX  "index_itineraries_on_user_id" ON "itineraries"  ("user_id")[0m
  [1m[35mSQL (0.3ms)[0m  [1m[32mINSERT INTO "schema_migrations" ("version") VALUES ($1) RETURNING "version"[0m  [["version", "20171202013729"]]
  [1m[35m (0.5ms)[0m  [1m[35mCOMMIT[0m
Migrating to CreateActivities (20171202013738)
  [1m[35m (0.3ms)[0m  [1m[35mBEGIN[0m
  [1m[35m (3.6ms)[0m  [1m[35mCREATE TABLE "activities" ("id" bigserial primary key, "name" character varying, "display_address" character varying, "business_hours" character varying, "time_start" character varying, "event_site_url" character varying, "tickets_url" character varying, "cost" integer, "cost_max" integer, "is_free" boolean, "is_canceled" boolean, "image_url" character varying, "rating" character varying, "price" character varying, "display_phone" character varying, "title" character varying, "url" character varying, "latitude" decimal, "longitude" decimal, "version" character varying, "itinerary_id" bigint, "created_at" timestamp NOT NULL, "updated_at" timestamp NOT NULL)[0m
  [1m[35m (0.9ms)[0m  [1m[35mCREATE  INDEX  "index_activities_on_itinerary_id" ON "activities"  ("itinerary_id")[0m
  [1m[35mSQL (0.3ms)[0m  [1m[32mINSERT INTO "schema_migrations" ("version") VALUES ($1) RETURNING "version"[0m  [["version", "20171202013738"]]
  [1m[35m (0.6ms)[0m  [1m[35mCOMMIT[0m
Migrating to CreateYelpResponses (20171202152854)
  [1m[35m (0.2ms)[0m  [1m[35mBEGIN[0m
  [1m[35m (3.2ms)[0m  [1m[35mCREATE TABLE "yelp_responses" ("id" bigserial primary key, "name" character varying, "display_address" character varying, "time_start" character varying, "event_site_url" character varying, "tickets_url" character varying, "cost" integer, "cost_max" integer, "is_free" boolean, "is_canceled" boolean, "image_url" character varying, "rating" character varying, "price" character varying, "display_phone" character varying, "title" character varying, "url" character varying, "latitude" decimal, "longitude" decimal, "created_at" timestamp NOT NULL, "updated_at" timestamp NOT NULL)[0m
  [1m[35mSQL (0.2ms)[0m  [1m[32mINSERT INTO "schema_migrations" ("version") VALUES ($1) RETURNING "version"[0m  [["version", "20171202152854"]]
  [1m[35m (1.0ms)[0m  [1m[35mCOMMIT[0m
Migrating to CreateRecommenders (20171203001021)
  [1m[35m (0.2ms)[0m  [1m[35mBEGIN[0m
  [1m[35m (2.5ms)[0m  [1m[35mCREATE TABLE "recommenders" ("id" bigserial primary key, "event_matrix" text, "business_matrix" text, "created_at" timestamp NOT NULL, "updated_at" timestamp NOT NULL)[0m
  [1m[35mSQL (0.3ms)[0m  [1m[32mINSERT INTO "schema_migrations" ("version") VALUES ($1) RETURNING "version"[0m  [["version", "20171203001021"]]
  [1m[35m (0.6ms)[0m  [1m[35mCOMMIT[0m
Migrating to AddAgreedToUsers (20171206004821)
  [1m[35m (0.3ms)[0m  [1m[35mBEGIN[0m
  [1m[35m (0.4ms)[0m  [1m[35mALTER TABLE "users" ADD "agreed" boolean[0m
  [1m[35mSQL (0.3ms)[0m  [1m[32mINSERT INTO "schema_migrations" ("version") VALUES ($1) RETURNING "version"[0m  [["version", "20171206004821"]]
  [1m[35m (0.9ms)[0m  [1m[35mCOMMIT[0m
  [1m[36mActiveRecord::InternalMetadata Load (0.3ms)[0m  [1m[34mSELECT  "ar_internal_metadata".* FROM "ar_internal_metadata" WHERE "ar_internal_metadata"."key" = $1 LIMIT $2[0m  [["key", "environment"], ["LIMIT", 1]]
  [1m[35m (0.1ms)[0m  [1m[35mBEGIN[0m
  [1m[35mSQL (0.4ms)[0m  [1m[32mINSERT INTO "ar_internal_metadata" ("key", "value", "created_at", "updated_at") VALUES ($1, $2, $3, $4) RETURNING "key"[0m  [["key", "environment"], ["value", "development"], ["created_at", "2017-12-06 01:14:28.701567"], ["updated_at", "2017-12-06 01:14:28.701567"]]
  [1m[35m (0.3ms)[0m  [1m[35mCOMMIT[0m
  [1m[35m (0.2ms)[0m  [1m[34mSELECT pg_advisory_unlock(5639883873923918010)[0m
  [1m[35m (0.2ms)[0m  [1m[34mSELECT "schema_migrations"."version" FROM "schema_migrations" ORDER BY "schema_migrations"."version" ASC[0m
  [1m[35m (0.6ms)[0m  [1m[34mSELECT "schema_migrations"."version" FROM "schema_migrations" ORDER BY "schema_migrations"."version" ASC[0m
  [1m[35m (0.1ms)[0m  [1m[35mBEGIN[0m
  [1m[35mSQL (0.7ms)[0m  [1m[32mINSERT INTO "survey_questions" ("question_text", "version", "created_at", "updated_at") VALUES ($1, $2, $3, $4) RETURNING "id"[0m  [["question_text", "Do you have any dietary restrictions?"], ["version", "Open-ended"], ["created_at", "2017-12-06 01:14:35.507709"], ["updated_at", "2017-12-06 01:14:35.507709"]]
  [1m[35m (0.4ms)[0m  [1m[35mCOMMIT[0m
  [1m[35m (0.1ms)[0m  [1m[35mBEGIN[0m
  [1m[35mSQL (0.2ms)[0m  [1m[32mINSERT INTO "survey_questions" ("question_text", "version", "created_at", "updated_at") VALUES ($1, $2, $3, $4) RETURNING "id"[0m  [["question_text", "Do you like physical activity?"], ["version", "Yes/No"], ["created_at", "2017-12-06 01:14:35.510629"], ["updated_at", "2017-12-06 01:14:35.510629"]]
  [1m[35m (0.5ms)[0m  [1m[35mCOMMIT[0m
  [1m[35m (0.1ms)[0m  [1m[35mBEGIN[0m
  [1m[35mSQL (0.2ms)[0m  [1m[32mINSERT INTO "survey_questions" ("question_text", "version", "created_at", "updated_at") VALUES ($1, $2, $3, $4) RETURNING "id"[0m  [["question_text", "Do you like to drink?"], ["version", "Yes/No"], ["created_at", "2017-12-06 01:14:35.512724"], ["updated_at", "2017-12-06 01:14:35.512724"]]
  [1m[35m (0.3ms)[0m  [1m[35mCOMMIT[0m
  [1m[35m (0.1ms)[0m  [1m[35mBEGIN[0m
  [1m[35mSQL (0.2ms)[0m  [1m[32mINSERT INTO "survey_questions" ("question_text", "version", "created_at", "updated_at") VALUES ($1, $2, $3, $4) RETURNING "id"[0m  [["question_text", "How do you feel about being outdoors?"], ["version", "Multiple Choice"], ["created_at", "2017-12-06 01:14:35.514556"], ["updated_at", "2017-12-06 01:14:35.514556"]]
  [1m[35m (0.4ms)[0m  [1m[35mCOMMIT[0m
  [1m[35m (0.1ms)[0m  [1m[35mBEGIN[0m
  [1m[35mSQL (0.2ms)[0m  [1m[32mINSERT INTO "survey_questions" ("question_text", "version", "created_at", "updated_at") VALUES ($1, $2, $3, $4) RETURNING "id"[0m  [["question_text", "\nWould you visit Paris, the YellowStone, or Las Vegas if given a free trip weekend trip?"], ["version", "Multiple Choice"], ["created_at", "2017-12-06 01:14:35.516489"], ["updated_at", "2017-12-06 01:14:35.516489"]]
  [1m[35m (0.4ms)[0m  [1m[35mCOMMIT[0m
  [1m[35m (0.1ms)[0m  [1m[35mBEGIN[0m
  [1m[35mSQL (0.3ms)[0m  [1m[32mINSERT INTO "survey_questions" ("question_text", "version", "created_at", "updated_at") VALUES ($1, $2, $3, $4) RETURNING "id"[0m  [["question_text", "If you had a free day off of work, which one of these activities would appeal the most to you?"], ["version", "Multiple Choice"], ["created_at", "2017-12-06 01:14:35.518572"], ["updated_at", "2017-12-06 01:14:35.518572"]]
  [1m[35m (0.5ms)[0m  [1m[35mCOMMIT[0m
  [1m[35m (0.1ms)[0m  [1m[35mBEGIN[0m
  [1m[35mSQL (0.2ms)[0m  [1m[32mINSERT INTO "survey_questions" ("question_text", "version", "created_at", "updated_at") VALUES ($1, $2, $3, $4) RETURNING "id"[0m  [["question_text", "What is your favorite type of music?"], ["version", "Multiple Choice"], ["created_at", "2017-12-06 01:14:35.520848"], ["updated_at", "2017-12-06 01:14:35.520848"]]
  [1m[35m (0.4ms)[0m  [1m[35mCOMMIT[0m
  [1m[35m (0.2ms)[0m  [1m[35mBEGIN[0m
  [1m[35mSQL (0.5ms)[0m  [1m[32mINSERT INTO "survey_responses" ("survey_question_id", "response", "created_at", "updated_at") VALUES ($1, $2, $3, $4) RETURNING "id"[0m  [["survey_question_id", 2], ["response", "Yes, I'm very active!"], ["created_at", "2017-12-06 01:14:35.539406"], ["updated_at", "2017-12-06 01:14:35.539406"]]
  [1m[35m (0.3ms)[0m  [1m[35mCOMMIT[0m
  [1m[35m (0.1ms)[0m  [1m[35mBEGIN[0m
  [1m[35mSQL (0.2ms)[0m  [1m[32mINSERT INTO "survey_responses" ("survey_question_id", "response", "created_at", "updated_at") VALUES ($1, $2, $3, $4) RETURNING "id"[0m  [["survey_question_id", 2], ["response", "No...I don't prefer physical activity for my events"], ["created_at", "2017-12-06 01:14:35.542042"], ["updated_at", "2017-12-06 01:14:35.542042"]]
  [1m[35m (0.4ms)[0m  [1m[35mCOMMIT[0m
  [1m[35m (0.1ms)[0m  [1m[35mBEGIN[0m
  [1m[35mSQL (0.2ms)[0m  [1m[32mINSERT INTO "survey_responses" ("survey_question_id", "response", "created_at", "updated_at") VALUES ($1, $2, $3, $4) RETURNING "id"[0m  [["survey_question_id", 3], ["response", "Yes, pour me a cold one"], ["created_at", "2017-12-06 01:14:35.544260"], ["updated_at", "2017-12-06 01:14:35.544260"]]
  [1m[35m (0.4ms)[0m  [1m[35mCOMMIT[0m
  [1m[35m (0.1ms)[0m  [1m[35mBEGIN[0m
  [1m[35mSQL (0.2ms)[0m  [1m[32mINSERT INTO "survey_responses" ("survey_question_id", "response", "created_at", "updated_at") VALUES ($1, $2, $3, $4) RETURNING "id"[0m  [["survey_question_id", 3], ["response", "No, not much of a drinker these days"], ["created_at", "2017-12-06 01:14:35.546471"], ["updated_at", "2017-12-06 01:14:35.546471"]]
  [1m[35m (0.3ms)[0m  [1m[35mCOMMIT[0m
  [1m[35m (0.1ms)[0m  [1m[35mBEGIN[0m
  [1m[35mSQL (0.2ms)[0m  [1m[32mINSERT INTO "survey_responses" ("survey_question_id", "response", "created_at", "updated_at") VALUES ($1, $2, $3, $4) RETURNING "id"[0m  [["survey_question_id", 4], ["response", "Love it"], ["created_at", "2017-12-06 01:14:35.548512"], ["updated_at", "2017-12-06 01:14:35.548512"]]
  [1m[35m (0.4ms)[0m  [1m[35mCOMMIT[0m
  [1m[35m (0.1ms)[0m  [1m[35mBEGIN[0m
  [1m[35mSQL (0.3ms)[0m  [1m[32mINSERT INTO "survey_responses" ("survey_question_id", "response", "created_at", "updated_at") VALUES ($1, $2, $3, $4) RETURNING "id"[0m  [["survey_question_id", 4], ["response", "ehhh, only if it is nice out"], ["created_at", "2017-12-06 01:14:35.550638"], ["updated_at", "2017-12-06 01:14:35.550638"]]
  [1m[35m (0.3ms)[0m  [1m[35mCOMMIT[0m
  [1m[35m (0.1ms)[0m  [1m[35mBEGIN[0m
  [1m[35mSQL (0.2ms)[0m  [1m[32mINSERT INTO "survey_responses" ("survey_question_id", "response", "created_at", "updated_at") VALUES ($1, $2, $3, $4) RETURNING "id"[0m  [["survey_question_id", 4], ["response", "I prefer to be inside whenever possible"], ["created_at", "2017-12-06 01:14:35.552629"], ["updated_at", "2017-12-06 01:14:35.552629"]]
  [1m[35m (0.3ms)[0m  [1m[35mCOMMIT[0m
  [1m[35m (0.1ms)[0m  [1m[35mBEGIN[0m
  [1m[35mSQL (0.2ms)[0m  [1m[32mINSERT INTO "survey_responses" ("survey_question_id", "response", "created_at", "updated_at") VALUES ($1, $2, $3, $4) RETURNING "id"[0m  [["survey_question_id", 6], ["response", "Go day drinking at a bar"], ["created_at", "2017-12-06 01:14:35.554647"], ["updated_at", "2017-12-06 01:14:35.554647"]]
  [1m[35m (0.4ms)[0m  [1m[35mCOMMIT[0m
  [1m[35m (0.1ms)[0m  [1m[35mBEGIN[0m
  [1m[35mSQL (0.2ms)[0m  [1m[32mINSERT INTO "survey_responses" ("survey_question_id", "response", "created_at", "updated_at") VALUES ($1, $2, $3, $4) RETURNING "id"[0m  [["survey_question_id", 6], ["response", "Visit a museum "], ["created_at", "2017-12-06 01:14:35.556829"], ["updated_at", "2017-12-06 01:14:35.556829"]]
  [1m[35m (0.4ms)[0m  [1m[35mCOMMIT[0m
  [1m[35m (0.1ms)[0m  [1m[35mBEGIN[0m
  [1m[35mSQL (0.2ms)[0m  [1m[32mINSERT INTO "survey_responses" ("survey_question_id", "response", "created_at", "updated_at") VALUES ($1, $2, $3, $4) RETURNING "id"[0m  [["survey_question_id", 6], ["response", "Ride bike or go for a run "], ["created_at", "2017-12-06 01:14:35.559139"], ["updated_at", "2017-12-06 01:14:35.559139"]]
  [1m[35m (0.4ms)[0m  [1m[35mCOMMIT[0m
  [1m[35m (0.1ms)[0m  [1m[35mBEGIN[0m
  [1m[35mSQL (0.2ms)[0m  [1m[32mINSERT INTO "survey_responses" ("survey_question_id", "response", "created_at", "updated_at") VALUES ($1, $2, $3, $4) RETURNING "id"[0m  [["survey_question_id", 6], ["response", "Play board games or work on a puzzle"], ["created_at", "2017-12-06 01:14:35.561431"], ["updated_at", "2017-12-06 01:14:35.561431"]]
  [1m[35m (0.4ms)[0m  [1m[35mCOMMIT[0m
  [1m[35m (0.1ms)[0m  [1m[35mBEGIN[0m
  [1m[35mSQL (0.2ms)[0m  [1m[32mINSERT INTO "survey_responses" ("survey_question_id", "response", "created_at", "updated_at") VALUES ($1, $2, $3, $4) RETURNING "id"[0m  [["survey_question_id", 5], ["response", "Paris"], ["created_at", "2017-12-06 01:14:35.563634"], ["updated_at", "2017-12-06 01:14:35.563634"]]
  [1m[35m (0.4ms)[0m  [1m[35mCOMMIT[0m
  [1m[35m (0.1ms)[0m  [1m[35mBEGIN[0m
  [1m[35mSQL (0.2ms)[0m  [1m[32mINSERT INTO "survey_responses" ("survey_question_id", "response", "created_at", "updated_at") VALUES ($1, $2, $3, $4) RETURNING "id"[0m  [["survey_question_id", 5], ["response", "YellowStone"], ["created_at", "2017-12-06 01:14:35.565709"], ["updated_at", "2017-12-06 01:14:35.565709"]]
  [1m[35m (0.4ms)[0m  [1m[35mCOMMIT[0m
  [1m[35m (0.1ms)[0m  [1m[35mBEGIN[0m
  [1m[35mSQL (0.2ms)[0m  [1m[32mINSERT INTO "survey_responses" ("survey_question_id", "response", "created_at", "updated_at") VALUES ($1, $2, $3, $4) RETURNING "id"[0m  [["survey_question_id", 5], ["response", "Las Vegas"], ["created_at", "2017-12-06 01:14:35.567830"], ["updated_at", "2017-12-06 01:14:35.567830"]]
  [1m[35m (0.3ms)[0m  [1m[35mCOMMIT[0m
  [1m[35m (0.1ms)[0m  [1m[35mBEGIN[0m
  [1m[35mSQL (0.2ms)[0m  [1m[32mINSERT INTO "survey_responses" ("survey_question_id", "response", "created_at", "updated_at") VALUES ($1, $2, $3, $4) RETURNING "id"[0m  [["survey_question_id", 7], ["response", "Classic Rock"], ["created_at", "2017-12-06 01:14:35.569826"], ["updated_at", "2017-12-06 01:14:35.569826"]]
  [1m[35m (0.4ms)[0m  [1m[35mCOMMIT[0m
  [1m[35m (0.1ms)[0m  [1m[35mBEGIN[0m
  [1m[35mSQL (0.2ms)[0m  [1m[32mINSERT INTO "survey_responses" ("survey_question_id", "response", "created_at", "updated_at") VALUES ($1, $2, $3, $4) RETURNING "id"[0m  [["survey_question_id", 7], ["response", "Indie"], ["created_at", "2017-12-06 01:14:35.572004"], ["updated_at", "2017-12-06 01:14:35.572004"]]
  [1m[35m (0.3ms)[0m  [1m[35mCOMMIT[0m
  [1m[35m (0.1ms)[0m  [1m[35mBEGIN[0m
  [1m[35mSQL (0.2ms)[0m  [1m[32mINSERT INTO "survey_responses" ("survey_question_id", "response", "created_at", "updated_at") VALUES ($1, $2, $3, $4) RETURNING "id"[0m  [["survey_question_id", 7], ["response", "Electronic"], ["created_at", "2017-12-06 01:14:35.573943"], ["updated_at", "2017-12-06 01:14:35.573943"]]
  [1m[35m (0.4ms)[0m  [1m[35mCOMMIT[0m
  [1m[35m (0.1ms)[0m  [1m[35mBEGIN[0m
  [1m[35mSQL (0.2ms)[0m  [1m[32mINSERT INTO "survey_responses" ("survey_question_id", "response", "created_at", "updated_at") VALUES ($1, $2, $3, $4) RETURNING "id"[0m  [["survey_question_id", 7], ["response", "Hip Hop"], ["created_at", "2017-12-06 01:14:35.576161"], ["updated_at", "2017-12-06 01:14:35.576161"]]
  [1m[35m (0.3ms)[0m  [1m[35mCOMMIT[0m
  [1m[35m (0.1ms)[0m  [1m[35mBEGIN[0m
  [1m[35mSQL (0.2ms)[0m  [1m[32mINSERT INTO "survey_responses" ("survey_question_id", "response", "created_at", "updated_at") VALUES ($1, $2, $3, $4) RETURNING "id"[0m  [["survey_question_id", 7], ["response", "I'm down for anything!"], ["created_at", "2017-12-06 01:14:35.578078"], ["updated_at", "2017-12-06 01:14:35.578078"]]
  [1m[35m (0.4ms)[0m  [1m[35mCOMMIT[0m
  [1m[35m (0.1ms)[0m  [1m[35mBEGIN[0m
  [1m[35mSQL (0.2ms)[0m  [1m[32mINSERT INTO "survey_responses" ("survey_question_id", "response", "created_at", "updated_at") VALUES ($1, $2, $3, $4) RETURNING "id"[0m  [["survey_question_id", 7], ["response", "N/A"], ["created_at", "2017-12-06 01:14:35.580033"], ["updated_at", "2017-12-06 01:14:35.580033"]]
  [1m[35m (0.4ms)[0m  [1m[35mCOMMIT[0m
  [1m[35m (0.1ms)[0m  [1m[35mBEGIN[0m
  [1m[35mSQL (0.2ms)[0m  [1m[32mINSERT INTO "survey_responses" ("survey_question_id", "created_at", "updated_at") VALUES ($1, $2, $3) RETURNING "id"[0m  [["survey_question_id", 1], ["created_at", "2017-12-06 01:14:35.582090"], ["updated_at", "2017-12-06 01:14:35.582090"]]
  [1m[35m (0.4ms)[0m  [1m[35mCOMMIT[0m
  [1m[35m (0.1ms)[0m  [1m[35mBEGIN[0m
  [1m[35mSQL (0.6ms)[0m  [1m[32mINSERT INTO "recommenders" ("event_matrix", "business_matrix", "created_at", "updated_at") VALUES ($1, $2, $3, $4) RETURNING "id"[0m  [["event_matrix", "---\n:hours:\n  1:\n  - food-and-drink\n  - nightlife\n  2:\n  - food-and-drink\n  - nightlife\n  3:\n  - food-and-drink\n  - nightlife\n  4:\n  - food-and-drink\n  - nightlife\n  5:\n  - food-and-drink\n  - nightlife\n  6:\n  - food-and-drink\n  - sports-active-life\n  7:\n  - food-and-drink\n  - sports-active-life\n  8:\n  - food-and-drink\n  - sports-active-life\n  9:\n  - food-and-drink\n  - visual-arts\n  - performing-arts\n  - lectures-books\n  - fashion\n  - sports-active-life\n  - festivals-fairs\n  10:\n  - visual-arts\n  - performing-arts\n  - lectures-books\n  - fashion\n  - sports-active-life\n  - festivals-fairs\n  11:\n  - food-and-drink\n  - music\n  - visual-arts\n  - performing-arts\n  - lectures-books\n  - fashion\n  - sports-active-life\n  - festivals-fairs\n  12:\n  - food-and-drink\n  - sports-active-life\n  - festivals-fairs\n  13:\n  - food-and-drink\n  - sports-active-life\n  - festivals-fairs\n  14:\n  - music\n  - visual-arts\n  - performing-arts\n  - lectures-books\n  - fashion\n  - sports-active-life\n  - festivals-fairs\n  15:\n  - film\n  - visual-arts\n  - performing-arts\n  - lectures-books\n  - fashion\n  - sports-active-life\n  - festivals-fairs\n  16:\n  - film\n  - visual-arts\n  - performing-arts\n  - lectures-books\n  - fashion\n  - sports-active-life\n  - festivals-fairs\n  17:\n  - film\n  - visual-arts\n  - performing-arts\n  - lectures-books\n  - fashion\n  18:\n  - music\n  - film\n  - food-and-drink\n  19:\n  - music\n  - film\n  - food-and-drink\n  20:\n  - music\n  - film\n  - food-and-drink\n  - nightlife\n  21:\n  - music\n  - film\n  - nightlife\n  22:\n  - music\n  - film\n  - nightlife\n  23:\n  - music\n  - film\n  - nightlife\n  24:\n  - music\n  - film\n  - nightlife\n"], ["business_matrix", "---\n:hours:\n  1:\n  - nightlife\n  2:\n  - nightlife\n  3:\n  - nightlife\n  4:\n  - nightlife\n  5:\n  - active\n  - nightlife\n  6:\n  - active\n  7:\n  - active\n  - restaurants\n  - massage_therapy\n  8:\n  - active\n  - restaurants\n  9:\n  - active\n  - arts\n  - beautysvc\n  - localflavor\n  10:\n  - active\n  - arts\n  - beautysvc\n  - localflavor\n  - shopping\n  11:\n  - active\n  - arts\n  - beautysvc\n  - localflavor\n  - shopping\n  12:\n  - restaurants\n  - localflavor\n  13:\n  - restaurants\n  - active\n  - arts\n  - beautysvc\n  - localflavor\n  - shopping\n  14:\n  - active\n  - arts\n  - beautysvc\n  - localflavor\n  - shopping\n  15:\n  - active\n  - arts\n  - beautysvc\n  - localflavor\n  - shopping\n  16:\n  - active\n  - arts\n  - beautysvc\n  - localflavor\n  - shopping\n  17:\n  - arts\n  - beautysvc\n  - localflavor\n  - shopping\n  18:\n  - arts\n  - beautysvc\n  - localflavor\n  - shopping\n  19:\n  - arts\n  - beautysvc\n  - restaurants\n  - localflavor\n  20:\n  - restaurants\n  - localflavor\n  - nightlife\n  21:\n  - restaurants\n  - localflavor\n  - nightlife\n  22:\n  - localflavor\n  - nightlife\n  23:\n  - nightlife\n  24:\n  - nightlife\n"], ["created_at", "2017-12-06 01:14:35.596258"], ["updated_at", "2017-12-06 01:14:35.596258"]]
  [1m[35m (0.4ms)[0m  [1m[35mCOMMIT[0m
Started GET "/logout" for 127.0.0.1 at 2017-12-05 19:14:40 -0600
  [1m[35m (0.7ms)[0m  [1m[34mSELECT "schema_migrations"."version" FROM "schema_migrations" ORDER BY "schema_migrations"."version" ASC[0m
Processing by SessionsController#destroy as HTML
Redirected to http://localhost:3000/
Completed 302 Found in 9ms (ActiveRecord: 0.0ms)


Started GET "/" for 127.0.0.1 at 2017-12-05 19:14:40 -0600
Processing by ItinerariesController#new as HTML
Redirected to http://localhost:3000/users/new
Completed 302 Found in 1ms (ActiveRecord: 0.0ms)


Started GET "/users/new" for 127.0.0.1 at 2017-12-05 19:14:40 -0600
Processing by UsersController#new as HTML
  Rendering users/new.html.erb within layouts/application
  Rendered users/new.html.erb within layouts/application (11.1ms)
Completed 200 OK in 441ms (Views: 404.4ms | ActiveRecord: 4.6ms)


Started POST "/users" for 127.0.0.1 at 2017-12-05 19:14:44 -0600
Processing by UsersController#create as HTML
  Parameters: {"utf8"=>"✓", "authenticity_token"=>"eRjGNXkEuhJbqjJmDzove//5Xryd3M0jvwHE2eSJJO8/NO9OvLUmNTjh4Ki8RftLRdrrWaZy5zIgE+z2Poiepw==", "user"=>{"first_name"=>"", "last_name"=>"", "email"=>"adam@adam.com", "password"=>"[FILTERED]"}, "commit"=>"Sign up!"}
  [1m[35m (0.3ms)[0m  [1m[35mBEGIN[0m
  [1m[36mUser Exists (0.6ms)[0m  [1m[34mSELECT  1 AS one FROM "users" WHERE "users"."email" = $1 LIMIT $2[0m  [["email", "adam@adam.com"], ["LIMIT", 1]]
  [1m[35m (0.2ms)[0m  [1m[31mROLLBACK[0m
  Rendering users/new.html.erb within layouts/application
  Rendered users/new.html.erb within layouts/application (2.2ms)
Completed 200 OK in 636ms (Views: 68.3ms | ActiveRecord: 1.1ms)


Started POST "/users" for 127.0.0.1 at 2017-12-05 19:14:50 -0600
Processing by UsersController#create as HTML
  Parameters: {"utf8"=>"✓", "authenticity_token"=>"ZH0bC2Hsuv6aOONmc5FYeK/heZd9D8OiB49rtlqnedMiUTJwpF0m2flzMajA7oxIFcLMckah6bOYnUOZgKbDmw==", "user"=>{"first_name"=>"adam", "last_name"=>"johnson", "email"=>"adam@adam.com", "password"=>"[FILTERED]", "agreed"=>"true"}, "commit"=>"Sign up!"}
Unpermitted parameter: :agreed
  [1m[35m (0.1ms)[0m  [1m[35mBEGIN[0m
  [1m[36mUser Exists (0.3ms)[0m  [1m[34mSELECT  1 AS one FROM "users" WHERE "users"."email" = $1 LIMIT $2[0m  [["email", "adam@adam.com"], ["LIMIT", 1]]
  [1m[35m (0.2ms)[0m  [1m[31mROLLBACK[0m
  Rendering users/new.html.erb within layouts/application
  Rendered users/new.html.erb within layouts/application (2.2ms)
Completed 200 OK in 149ms (Views: 72.7ms | ActiveRecord: 0.6ms)


Started POST "/users" for 127.0.0.1 at 2017-12-05 19:15:27 -0600
Processing by UsersController#create as HTML
  Parameters: {"utf8"=>"✓", "authenticity_token"=>"EulEF1rzTph678aEoOQ3VcEbpcMCLzyhTRtpmtsyQfRUxW1sn0LSvxmkFEoTm+NlezgQJjmBFrDSCUG1ATP7vA==", "user"=>{"first_name"=>"adam", "last_name"=>"johnson", "email"=>"adam@adam.com", "password"=>"[FILTERED]", "agreed"=>"true"}, "commit"=>"Sign up!"}
  [1m[35m (0.2ms)[0m  [1m[35mBEGIN[0m
  [1m[36mUser Exists (0.4ms)[0m  [1m[34mSELECT  1 AS one FROM "users" WHERE "users"."email" = $1 LIMIT $2[0m  [["email", "adam@adam.com"], ["LIMIT", 1]]
  [1m[35mSQL (1.1ms)[0m  [1m[32mINSERT INTO "users" ("first_name", "last_name", "email", "password_digest", "created_at", "updated_at", "agreed") VALUES ($1, $2, $3, $4, $5, $6, $7) RETURNING "id"[0m  [["first_name", "adam"], ["last_name", "johnson"], ["email", "adam@adam.com"], ["password_digest", "$2a$10$v/Ajm7RMFfh11gh61MpcBuAQNY7YwhbhQQrNMUpsbbfPXfDRCU9/O"], ["created_at", "2017-12-06 01:15:27.321846"], ["updated_at", "2017-12-06 01:15:27.321846"], ["agreed", "t"]]
  [1m[35m (0.7ms)[0m  [1m[35mCOMMIT[0m
Redirected to http://localhost:3000/surveys
Completed 302 Found in 101ms (ActiveRecord: 5.6ms)


Started GET "/surveys" for 127.0.0.1 at 2017-12-05 19:15:27 -0600
Processing by SurveysController#index as HTML
  Rendering surveys/index.html.erb within layouts/application
  [1m[35m (0.5ms)[0m  [1m[34mSELECT COUNT(*) FROM "survey_questions"[0m
  [1m[36mSurveyQuestion Load (0.3ms)[0m  [1m[34mSELECT  "survey_questions".* FROM "survey_questions" LIMIT $1 OFFSET $2[0m  [["LIMIT", 1], ["OFFSET", 0]]
  Rendered surveys/_open_ended_question.html.erb (0.3ms)
  Rendered surveys/_open_ended_response.html.erb (0.3ms)
  [1m[36mUser Load (0.4ms)[0m  [1m[34mSELECT  "users".* FROM "users" WHERE "users"."id" = $1 LIMIT $2[0m  [["id", 1], ["LIMIT", 1]]
  [1m[35m (0.4ms)[0m  [1m[34mSELECT COUNT(*) FROM "user_responses" WHERE "user_responses"."user_id" = $1[0m  [["user_id", 1]]
  Rendered surveys/index.html.erb within layouts/application (62.1ms)
Completed 200 OK in 124ms (Views: 106.6ms | ActiveRecord: 6.1ms)


